[Wed Feb 08 19:59:41.652877 2017] [mpm_winnt:notice] [pid 5456:tid 268] AH00455: Apache/2.4.25 (Win32) PHP/7.1.1 configured -- resuming normal operations
[Wed Feb 08 19:59:41.652877 2017] [mpm_winnt:notice] [pid 5456:tid 268] AH00456: Apache Lounge VC14 Server built: Dec 17 2016 10:42:52
[Wed Feb 08 19:59:41.652877 2017] [core:notice] [pid 5456:tid 268] AH00094: Command line: 'E:\\UniServerZ\\core\\apache2\\bin\\httpd_z.exe -d E:/UniServerZ/core/apache2 -f E:\\UniServerZ\\core\\apache2\\conf\\httpd.conf -d E:\\UniServerZ\\core\\apache2'
[Wed Feb 08 19:59:41.669878 2017] [mpm_winnt:notice] [pid 5456:tid 268] AH00418: Parent: Created child process 2712
[Wed Feb 08 19:59:42.683936 2017] [mpm_winnt:notice] [pid 2712:tid 292] AH00354: Child: Starting 150 worker threads.
[Wed Feb 08 20:12:47.172806 2017] [core:warn] [pid 5100:tid 224] AH00098: pid file E:/UniServerZ/core/apache2/logs/httpd.pid overwritten -- Unclean shutdown of previous Apache run?
[Wed Feb 08 20:12:47.191807 2017] [mpm_winnt:notice] [pid 5100:tid 224] AH00455: Apache/2.4.25 (Win32) PHP/7.1.1 configured -- resuming normal operations
[Wed Feb 08 20:12:47.191807 2017] [mpm_winnt:notice] [pid 5100:tid 224] AH00456: Apache Lounge VC14 Server built: Dec 17 2016 10:42:52
[Wed Feb 08 20:12:47.191807 2017] [core:notice] [pid 5100:tid 224] AH00094: Command line: 'E:\\UniServerZ\\core\\apache2\\bin\\httpd_z.exe -d E:/UniServerZ/core/apache2 -f E:\\UniServerZ\\core\\apache2\\conf\\httpd.conf -d E:\\UniServerZ\\core\\apache2'
[Wed Feb 08 20:12:47.197808 2017] [mpm_winnt:notice] [pid 5100:tid 224] AH00418: Parent: Created child process 5728
[Wed Feb 08 20:12:48.448879 2017] [mpm_winnt:notice] [pid 5728:tid 292] AH00354: Child: Starting 150 worker threads.
[Wed Feb 08 20:33:38.041959 2017] [php7:notice] [pid 5728:tid 1528] [client ::1:4630] WordPress database error Unknown column 'wp_' in 'field list' for query SELECT wp_, referer: http://localhost/wp/wp-admin/setup-config.php?step=1
E:/UniServerZ/core/msmtp/msmtp.exe: cannot get initial OK message from server
E:/UniServerZ/core/msmtp/msmtp.exe: server message: 554 cm5gb1 smtp.talktalk.net ESMTP server not available
E:/UniServerZ/core/msmtp/msmtp.exe: could not send mail (account default from E:/UniServerZ/core/msmtp/msmtprc.ini)
[Sat Feb 11 09:40:25.343192 2017] [core:warn] [pid 4124:tid 224] AH00098: pid file E:/UniServerZ/core/apache2/logs/httpd.pid overwritten -- Unclean shutdown of previous Apache run?
[Sat Feb 11 09:40:28.318362 2017] [mpm_winnt:notice] [pid 4124:tid 224] AH00455: Apache/2.4.25 (Win32) PHP/7.1.1 configured -- resuming normal operations
[Sat Feb 11 09:40:28.318362 2017] [mpm_winnt:notice] [pid 4124:tid 224] AH00456: Apache Lounge VC14 Server built: Dec 17 2016 10:42:52
[Sat Feb 11 09:40:28.318362 2017] [core:notice] [pid 4124:tid 224] AH00094: Command line: 'E:\\UniServerZ\\core\\apache2\\bin\\httpd_z.exe -d E:/UniServerZ/core/apache2 -f E:\\UniServerZ\\core\\apache2\\conf\\httpd.conf -d E:\\UniServerZ\\core\\apache2'
[Sat Feb 11 09:40:28.362365 2017] [mpm_winnt:notice] [pid 4124:tid 224] AH00418: Parent: Created child process 4172
[Sat Feb 11 09:40:29.633438 2017] [mpm_winnt:notice] [pid 4172:tid 292] AH00354: Child: Starting 150 worker threads.
[Sat Feb 11 10:07:55.006550 2017] [php7:notice] [pid 4172:tid 1508] [client ::1:2139] WordPress database error Unknown column 'sp_' in 'field list' for query SELECT sp_, referer: http://localhost/spacious/wp-admin/setup-config.php?step=1
E:/UniServerZ/core/msmtp/msmtp.exe: cannot get initial OK message from server
E:/UniServerZ/core/msmtp/msmtp.exe: server message: 554 cm4gb1 smtp.talktalk.net ESMTP server not available
E:/UniServerZ/core/msmtp/msmtp.exe: could not send mail (account default from E:/UniServerZ/core/msmtp/msmtprc.ini)
[Sat Feb 11 11:32:03.333969 2017] [core:warn] [pid 3224:tid 224] AH00098: pid file E:/UniServerZ/core/apache2/logs/httpd.pid overwritten -- Unclean shutdown of previous Apache run?
[Sat Feb 11 11:32:07.941800 2017] [mpm_winnt:notice] [pid 3224:tid 224] AH00455: Apache/2.4.25 (Win32) PHP/7.1.1 configured -- resuming normal operations
[Sat Feb 11 11:32:07.944300 2017] [mpm_winnt:notice] [pid 3224:tid 224] AH00456: Apache Lounge VC14 Server built: Dec 17 2016 10:42:52
[Sat Feb 11 11:32:07.944300 2017] [core:notice] [pid 3224:tid 224] AH00094: Command line: 'E:\\UniServerZ\\core\\apache2\\bin\\httpd_z.exe -d E:/UniServerZ/core/apache2 -f E:\\UniServerZ\\core\\apache2\\conf\\httpd.conf -d E:\\UniServerZ\\core\\apache2'
[Sat Feb 11 11:32:08.044301 2017] [mpm_winnt:notice] [pid 3224:tid 224] AH00418: Parent: Created child process 2932
[Sat Feb 11 11:32:09.176819 2017] [mpm_winnt:notice] [pid 2932:tid 292] AH00354: Child: Starting 150 worker threads.
libpng warning: iCCP: known incorrect sRGB profile
[Sat Feb 11 13:00:25.514725 2017] [core:warn] [pid 4300:tid 224] AH00098: pid file E:/UniServerZ/core/apache2/logs/httpd.pid overwritten -- Unclean shutdown of previous Apache run?
[Sat Feb 11 13:00:26.812655 2017] [mpm_winnt:notice] [pid 4300:tid 224] AH00455: Apache/2.4.25 (Win32) PHP/7.1.1 configured -- resuming normal operations
[Sat Feb 11 13:00:26.813655 2017] [mpm_winnt:notice] [pid 4300:tid 224] AH00456: Apache Lounge VC14 Server built: Dec 17 2016 10:42:52
[Sat Feb 11 13:00:26.813655 2017] [core:notice] [pid 4300:tid 224] AH00094: Command line: 'E:\\UniServerZ\\core\\apache2\\bin\\httpd_z.exe -d E:/UniServerZ/core/apache2 -f E:\\UniServerZ\\core\\apache2\\conf\\httpd.conf -d E:\\UniServerZ\\core\\apache2'
[Sat Feb 11 13:00:26.821655 2017] [mpm_winnt:notice] [pid 4300:tid 224] AH00418: Parent: Created child process 4776
[Sat Feb 11 13:00:27.847714 2017] [mpm_winnt:notice] [pid 4776:tid 300] AH00354: Child: Starting 150 worker threads.
[Sun Feb 12 17:29:40.061590 2017] [core:warn] [pid 5308:tid 224] AH00098: pid file E:/UniServerZ/core/apache2/logs/httpd.pid overwritten -- Unclean shutdown of previous Apache run?
[Sun Feb 12 17:29:41.056597 2017] [mpm_winnt:notice] [pid 5308:tid 224] AH00455: Apache/2.4.25 (Win32) PHP/7.1.1 configured -- resuming normal operations
[Sun Feb 12 17:29:41.056597 2017] [mpm_winnt:notice] [pid 5308:tid 224] AH00456: Apache Lounge VC14 Server built: Dec 17 2016 10:42:52
[Sun Feb 12 17:29:41.056597 2017] [core:notice] [pid 5308:tid 224] AH00094: Command line: 'E:\\UniServerZ\\core\\apache2\\bin\\httpd_z.exe -d E:/UniServerZ/core/apache2 -f E:\\UniServerZ\\core\\apache2\\conf\\httpd.conf -d E:\\UniServerZ\\core\\apache2'
[Sun Feb 12 17:29:41.474621 2017] [mpm_winnt:notice] [pid 5308:tid 224] AH00418: Parent: Created child process 5400
[Sun Feb 12 17:29:42.581684 2017] [mpm_winnt:notice] [pid 5400:tid 300] AH00354: Child: Starting 150 worker threads.
libpng warning: iCCP: known incorrect sRGB profile
libpng warning: iCCP: known incorrect sRGB profile
[Mon Feb 13 19:20:02.432000 2017] [core:warn] [pid 3084:tid 224] AH00098: pid file E:/UniServerZ/core/apache2/logs/httpd.pid overwritten -- Unclean shutdown of previous Apache run?
[Mon Feb 13 19:20:04.319668 2017] [mpm_winnt:notice] [pid 3084:tid 224] AH00455: Apache/2.4.25 (Win32) PHP/7.1.1 configured -- resuming normal operations
[Mon Feb 13 19:20:04.319668 2017] [mpm_winnt:notice] [pid 3084:tid 224] AH00456: Apache Lounge VC14 Server built: Dec 17 2016 10:42:52
[Mon Feb 13 19:20:04.319668 2017] [core:notice] [pid 3084:tid 224] AH00094: Command line: 'E:\\UniServerZ\\core\\apache2\\bin\\httpd_z.exe -d E:/UniServerZ/core/apache2 -f E:\\UniServerZ\\core\\apache2\\conf\\httpd.conf -d E:\\UniServerZ\\core\\apache2'
[Mon Feb 13 19:20:04.335669 2017] [mpm_winnt:notice] [pid 3084:tid 224] AH00418: Parent: Created child process 3480
[Mon Feb 13 19:20:05.292723 2017] [mpm_winnt:notice] [pid 3480:tid 300] AH00354: Child: Starting 150 worker threads.
[Mon Feb 13 19:50:11.403997 2017] [php7:notice] [pid 3480:tid 1516] [client ::1:2155] PHP Notice:  Undefined variable: ounds in E:\\UniServerZ\\www\\php\\unit-converter.php on line 31, referer: http://localhost/php/unit-converter.php
[Mon Feb 13 19:50:24.211495 2017] [php7:notice] [pid 3480:tid 1516] [client ::1:2159] PHP Notice:  Undefined index: pounds in E:\\UniServerZ\\www\\php\\unit-converter.php on line 3
[Mon Feb 13 19:50:38.780542 2017] [php7:notice] [pid 3480:tid 1516] [client ::1:2161] PHP Notice:  Undefined index: pounds in E:\\UniServerZ\\www\\php\\unit-converter.php on line 3
[Mon Feb 13 19:50:38.780542 2017] [php7:notice] [pid 3480:tid 1516] [client ::1:2161] PHP Notice:  Undefined index: pounds in E:\\UniServerZ\\www\\php\\unit-converter.php on line 29
[Mon Feb 13 19:50:58.536480 2017] [php7:notice] [pid 3480:tid 1516] [client ::1:2165] PHP Notice:  Undefined index: pounds in E:\\UniServerZ\\www\\php\\unit-converter.php on line 3
[Mon Feb 13 19:50:58.537480 2017] [php7:notice] [pid 3480:tid 1516] [client ::1:2165] PHP Notice:  Undefined index: pounds in E:\\UniServerZ\\www\\php\\unit-converter.php on line 29
[Mon Feb 13 19:51:02.194149 2017] [php7:notice] [pid 3480:tid 1516] [client ::1:2165] PHP Notice:  Undefined variable: ounds in E:\\UniServerZ\\www\\php\\unit-converter.php on line 31, referer: http://localhost/php/unit-converter.php
[Mon Feb 13 19:51:06.236540 2017] [php7:notice] [pid 3480:tid 1516] [client ::1:2165] PHP Notice:  Undefined variable: ounds in E:\\UniServerZ\\www\\php\\unit-converter.php on line 31, referer: http://localhost/php/unit-converter.php
[Mon Feb 13 19:51:21.884450 2017] [php7:notice] [pid 3480:tid 1512] [client ::1:2176] PHP Notice:  Undefined variable: ounds in E:\\UniServerZ\\www\\php\\unit-converter.php on line 31, referer: http://localhost/php/unit-converter.php
[Mon Feb 13 19:51:28.357070 2017] [php7:notice] [pid 3480:tid 1504] [client ::1:2177] PHP Notice:  Undefined index: pounds in E:\\UniServerZ\\www\\php\\unit-converter.php on line 3
[Mon Feb 13 19:57:09.326321 2017] [php7:notice] [pid 3480:tid 1512] [client ::1:2270] PHP Notice:  Undefined index: pounds in E:\\UniServerZ\\www\\php\\unit-converter.php on line 3
[Mon Feb 13 19:57:26.115821 2017] [php7:notice] [pid 3480:tid 1512] [client ::1:2274] PHP Notice:  Undefined index: pounds in E:\\UniServerZ\\www\\php\\unit-converter.php on line 3
[Mon Feb 13 19:57:35.915704 2017] [php7:notice] [pid 3480:tid 1512] [client ::1:2278] PHP Notice:  Undefined variable: ounds in E:\\UniServerZ\\www\\php\\unit-converter.php on line 31, referer: http://localhost/php/unit-converter.php
[Mon Feb 13 19:57:39.627463 2017] [php7:notice] [pid 3480:tid 1512] [client ::1:2278] PHP Notice:  Undefined variable: ounds in E:\\UniServerZ\\www\\php\\unit-converter.php on line 31, referer: http://localhost/php/unit-converter.php
[Mon Feb 13 20:40:13.891357 2017] [php7:crit] [pid 3480:tid 1504] [client ::1:2981] PHP Parse error:  syntax error, unexpected 'include' (T_INCLUDE) in E:\\UniServerZ\\www\\php\\index.php on line 38, referer: http://localhost/php/?p=unit-converter
[Mon Feb 13 20:40:17.625479 2017] [php7:crit] [pid 3480:tid 1504] [client ::1:2982] PHP Parse error:  syntax error, unexpected 'include' (T_INCLUDE) in E:\\UniServerZ\\www\\php\\index.php on line 38, referer: http://localhost/php/?p=unit-converter
[Mon Feb 13 20:40:20.701627 2017] [php7:crit] [pid 3480:tid 1504] [client ::1:2984] PHP Parse error:  syntax error, unexpected 'include' (T_INCLUDE) in E:\\UniServerZ\\www\\php\\index.php on line 38
[Mon Feb 13 20:40:25.399773 2017] [php7:crit] [pid 3480:tid 1504] [client ::1:2985] PHP Parse error:  syntax error, unexpected 'include' (T_INCLUDE) in E:\\UniServerZ\\www\\php\\index.php on line 38, referer: http://localhost/php/
[Mon Feb 13 20:40:37.302999 2017] [php7:crit] [pid 3480:tid 1504] [client ::1:2986] PHP Parse error:  syntax error, unexpected 'include' (T_INCLUDE) in E:\\UniServerZ\\www\\php\\index.php on line 38, referer: http://localhost/php/?p=converter
[Mon Feb 13 20:40:48.873281 2017] [php7:crit] [pid 3480:tid 1504] [client ::1:2991] PHP Parse error:  syntax error, unexpected 'include' (T_INCLUDE) in E:\\UniServerZ\\www\\php\\index.php on line 38
[Mon Feb 13 20:40:55.975339 2017] [php7:crit] [pid 3480:tid 1504] [client ::1:2992] PHP Parse error:  syntax error, unexpected 'include' (T_INCLUDE) in E:\\UniServerZ\\www\\php\\index.php on line 38
[Mon Feb 13 20:41:06.855521 2017] [php7:crit] [pid 3480:tid 1504] [client ::1:2996] PHP Parse error:  syntax error, unexpected 'include' (T_INCLUDE) in E:\\UniServerZ\\www\\php\\index.php on line 38
[Mon Feb 13 20:41:09.394585 2017] [php7:crit] [pid 3480:tid 1504] [client ::1:2998] PHP Parse error:  syntax error, unexpected 'include' (T_INCLUDE) in E:\\UniServerZ\\www\\php\\index.php on line 38
[Mon Feb 13 20:41:21.872744 2017] [php7:crit] [pid 3480:tid 1504] [client ::1:3002] PHP Parse error:  syntax error, unexpected 'include' (T_INCLUDE) in E:\\UniServerZ\\www\\php\\index.php on line 38, referer: http://localhost/
[Mon Feb 13 20:41:42.752826 2017] [php7:crit] [pid 3480:tid 1504] [client ::1:3011] PHP Parse error:  syntax error, unexpected 'include' (T_INCLUDE) in E:\\UniServerZ\\www\\php\\index.php on line 38
[Mon Feb 13 20:41:58.020916 2017] [php7:crit] [pid 3480:tid 1520] [client ::1:3016] PHP Parse error:  syntax error, unexpected 'include' (T_INCLUDE) in E:\\UniServerZ\\www\\php\\index.php on line 38
[Mon Feb 13 20:42:06.022973 2017] [core:warn] [pid 6016:tid 224] AH00098: pid file E:/UniServerZ/core/apache2/logs/httpd.pid overwritten -- Unclean shutdown of previous Apache run?
[Mon Feb 13 20:42:06.082973 2017] [mpm_winnt:notice] [pid 6016:tid 224] AH00455: Apache/2.4.25 (Win32) PHP/7.1.1 configured -- resuming normal operations
[Mon Feb 13 20:42:06.082973 2017] [mpm_winnt:notice] [pid 6016:tid 224] AH00456: Apache Lounge VC14 Server built: Dec 17 2016 10:42:52
[Mon Feb 13 20:42:06.082973 2017] [core:notice] [pid 6016:tid 224] AH00094: Command line: 'E:\\UniServerZ\\core\\apache2\\bin\\httpd_z.exe -d E:/UniServerZ/core/apache2 -f E:\\UniServerZ\\core\\apache2\\conf\\httpd.conf -d E:\\UniServerZ\\core\\apache2'
[Mon Feb 13 20:42:06.092973 2017] [mpm_winnt:notice] [pid 6016:tid 224] AH00418: Parent: Created child process 5136
[Mon Feb 13 20:42:07.174992 2017] [mpm_winnt:notice] [pid 5136:tid 300] AH00354: Child: Starting 150 worker threads.
[Mon Feb 13 20:42:12.904245 2017] [php7:crit] [pid 5136:tid 1528] [client ::1:3021] PHP Parse error:  syntax error, unexpected 'include' (T_INCLUDE) in E:\\UniServerZ\\www\\php\\index.php on line 38, referer: http://localhost/index.php
[Mon Feb 13 20:43:26.164651 2017] [php7:crit] [pid 5136:tid 1512] [client ::1:3042] PHP Parse error:  syntax error, unexpected 'include' (T_INCLUDE) in E:\\UniServerZ\\www\\php\\index.php on line 38
[Mon Feb 13 20:43:31.981720 2017] [php7:crit] [pid 5136:tid 1516] [client ::1:3043] PHP Parse error:  syntax error, unexpected 'include' (T_INCLUDE) in E:\\UniServerZ\\www\\php\\index.php on line 38
[Mon Feb 13 20:43:50.042875 2017] [php7:crit] [pid 5136:tid 1528] [client ::1:3048] PHP Parse error:  syntax error, unexpected 'include' (T_INCLUDE) in E:\\UniServerZ\\www\\php\\index.php on line 38, referer: http://localhost/
[Mon Feb 13 20:45:46.216415 2017] [php7:crit] [pid 5136:tid 1520] [client ::1:3071] PHP Parse error:  syntax error, unexpected 'include' (T_INCLUDE) in E:\\UniServerZ\\www\\php\\index.php on line 38
[Mon Feb 13 20:46:25.025556 2017] [php7:notice] [pid 5136:tid 1516] [client ::1:3086] PHP Notice:  Undefined index: p in E:\\UniServerZ\\www\\php\\index.php on line 36
[Mon Feb 13 20:46:25.025556 2017] [php7:warn] [pid 5136:tid 1516] [client ::1:3086] PHP Warning:  include(.php): failed to open stream: No such file or directory in E:\\UniServerZ\\www\\php\\index.php on line 38
[Mon Feb 13 20:46:25.025556 2017] [php7:warn] [pid 5136:tid 1516] [client ::1:3086] PHP Warning:  include(): Failed opening '.php' for inclusion (include_path='.;E:/UniServerZ/home/us_pear/PEAR') in E:\\UniServerZ\\www\\php\\index.php on line 38
[Mon Feb 13 20:46:49.215681 2017] [core:warn] [pid 3516:tid 224] AH00098: pid file E:/UniServerZ/core/apache2/logs/httpd.pid overwritten -- Unclean shutdown of previous Apache run?
[Mon Feb 13 20:46:49.265681 2017] [mpm_winnt:notice] [pid 3516:tid 224] AH00455: Apache/2.4.25 (Win32) PHP/7.1.1 configured -- resuming normal operations
[Mon Feb 13 20:46:49.265681 2017] [mpm_winnt:notice] [pid 3516:tid 224] AH00456: Apache Lounge VC14 Server built: Dec 17 2016 10:42:52
[Mon Feb 13 20:46:49.265681 2017] [core:notice] [pid 3516:tid 224] AH00094: Command line: 'E:\\UniServerZ\\core\\apache2\\bin\\httpd_z.exe -d E:/UniServerZ/core/apache2 -f E:\\UniServerZ\\core\\apache2\\conf\\httpd.conf -d E:\\UniServerZ\\core\\apache2'
[Mon Feb 13 20:46:49.285681 2017] [mpm_winnt:notice] [pid 3516:tid 224] AH00418: Parent: Created child process 2196
[Mon Feb 13 20:46:50.461737 2017] [mpm_winnt:notice] [pid 2196:tid 292] AH00354: Child: Starting 150 worker threads.
[Mon Feb 13 20:46:58.461913 2017] [php7:crit] [pid 2196:tid 1488] [client ::1:3094] PHP Parse error:  syntax error, unexpected 'include' (T_INCLUDE) in E:\\UniServerZ\\www\\php\\index.php on line 38
[Mon Feb 13 20:47:10.342038 2017] [php7:notice] [pid 2196:tid 1588] [client ::1:3102] PHP Notice:  Undefined index: p in E:\\UniServerZ\\www\\php\\index.php on line 36
[Mon Feb 13 20:47:10.343038 2017] [php7:warn] [pid 2196:tid 1588] [client ::1:3102] PHP Warning:  include(.php): failed to open stream: No such file or directory in E:\\UniServerZ\\www\\php\\index.php on line 38
[Mon Feb 13 20:47:10.343038 2017] [php7:warn] [pid 2196:tid 1588] [client ::1:3102] PHP Warning:  include(): Failed opening '.php' for inclusion (include_path='.;E:/UniServerZ/home/us_pear/PEAR') in E:\\UniServerZ\\www\\php\\index.php on line 38
[Mon Feb 13 20:47:22.923170 2017] [php7:notice] [pid 2196:tid 1516] [client ::1:3109] PHP Notice:  Undefined index: pounds in E:\\UniServerZ\\www\\php\\unit-converter.php on line 3, referer: http://localhost/php/
[Mon Feb 13 20:47:52.566341 2017] [php7:notice] [pid 2196:tid 1516] [client ::1:3120] PHP Notice:  Undefined index: pounds in E:\\UniServerZ\\www\\php\\unit-converter.php on line 3, referer: http://localhost/php/?p=unit-converter
[Mon Feb 13 20:48:26.313528 2017] [php7:notice] [pid 2196:tid 1516] [client ::1:3125] PHP Notice:  Undefined index: pounds in E:\\UniServerZ\\www\\php\\unit-converter.php on line 3, referer: http://localhost/php/?p=exercises
[Mon Feb 13 20:48:31.457615 2017] [php7:notice] [pid 2196:tid 1516] [client ::1:3125] PHP Notice:  Undefined index: pounds in E:\\UniServerZ\\www\\php\\unit-converter.php on line 3, referer: http://localhost/php/?p=exercises
[Mon Feb 13 20:49:22.597841 2017] [php7:notice] [pid 2196:tid 1516] [client ::1:3135] PHP Notice:  Undefined index: pounds in E:\\UniServerZ\\www\\php\\unit-converter.php on line 3, referer: http://localhost/php/?p=unit-converter
[Mon Feb 13 20:49:25.681968 2017] [php7:notice] [pid 2196:tid 1516] [client ::1:3135] PHP Notice:  Undefined index: p in E:\\UniServerZ\\www\\php\\index.php on line 36, referer: http://localhost/php/?p=exercises
[Mon Feb 13 20:49:25.681968 2017] [php7:warn] [pid 2196:tid 1516] [client ::1:3135] PHP Warning:  include(.php): failed to open stream: No such file or directory in E:\\UniServerZ\\www\\php\\index.php on line 38, referer: http://localhost/php/?p=exercises
[Mon Feb 13 20:49:25.681968 2017] [php7:warn] [pid 2196:tid 1516] [client ::1:3135] PHP Warning:  include(): Failed opening '.php' for inclusion (include_path='.;E:/UniServerZ/home/us_pear/PEAR') in E:\\UniServerZ\\www\\php\\index.php on line 38, referer: http://localhost/php/?p=exercises
[Mon Feb 13 20:49:33.248049 2017] [php7:notice] [pid 2196:tid 1516] [client ::1:3142] PHP Notice:  Undefined index: pounds in E:\\UniServerZ\\www\\php\\unit-converter.php on line 3, referer: http://localhost/php/
[Mon Feb 13 20:50:54.405242 2017] [php7:notice] [pid 2196:tid 1516] [client ::1:3153] PHP Notice:  Undefined index: pounds in E:\\UniServerZ\\www\\php\\unit-converter.php on line 3, referer: http://localhost/php/?p=unit-converter
[Mon Feb 13 20:50:57.430316 2017] [php7:notice] [pid 2196:tid 1516] [client ::1:3153] PHP Notice:  Undefined index: pounds in E:\\UniServerZ\\www\\php\\unit-converter.php on line 3, referer: http://localhost/php/?p=exercises
[Mon Feb 13 20:51:02.161372 2017] [php7:notice] [pid 2196:tid 1516] [client ::1:3153] PHP Notice:  Undefined index: p in E:\\UniServerZ\\www\\php\\index.php on line 36, referer: http://localhost/php/?p=unit-converter
[Mon Feb 13 20:51:02.162372 2017] [php7:warn] [pid 2196:tid 1516] [client ::1:3153] PHP Warning:  include(.php): failed to open stream: No such file or directory in E:\\UniServerZ\\www\\php\\index.php on line 38, referer: http://localhost/php/?p=unit-converter
[Mon Feb 13 20:51:02.162372 2017] [php7:warn] [pid 2196:tid 1516] [client ::1:3153] PHP Warning:  include(): Failed opening '.php' for inclusion (include_path='.;E:/UniServerZ/home/us_pear/PEAR') in E:\\UniServerZ\\www\\php\\index.php on line 38, referer: http://localhost/php/?p=unit-converter
[Mon Feb 13 20:51:23.077516 2017] [php7:notice] [pid 2196:tid 1516] [client ::1:3163] PHP Notice:  Undefined index: pounds in E:\\UniServerZ\\www\\php\\unit-converter.php on line 3, referer: http://localhost/php/?p=exercises
[Mon Feb 13 20:52:30.938660 2017] [php7:notice] [pid 2196:tid 1516] [client ::1:3171] PHP Notice:  Undefined index: p in E:\\UniServerZ\\www\\php\\index.php on line 36, referer: http://localhost/php/?p=unit-converter
[Mon Feb 13 20:52:30.939660 2017] [php7:warn] [pid 2196:tid 1516] [client ::1:3171] PHP Warning:  include(.php): failed to open stream: No such file or directory in E:\\UniServerZ\\www\\php\\index.php on line 38, referer: http://localhost/php/?p=unit-converter
[Mon Feb 13 20:52:30.939660 2017] [php7:warn] [pid 2196:tid 1516] [client ::1:3171] PHP Warning:  include(): Failed opening '.php' for inclusion (include_path='.;E:/UniServerZ/home/us_pear/PEAR') in E:\\UniServerZ\\www\\php\\index.php on line 38, referer: http://localhost/php/?p=unit-converter
[Mon Feb 13 20:56:25.310125 2017] [php7:notice] [pid 2196:tid 1516] [client ::1:3220] PHP Notice:  Undefined index: p in E:\\UniServerZ\\www\\php\\index.php on line 36, referer: http://localhost/php/?p=unit-converter
[Mon Feb 13 20:56:25.311125 2017] [php7:warn] [pid 2196:tid 1516] [client ::1:3220] PHP Warning:  include(.php): failed to open stream: No such file or directory in E:\\UniServerZ\\www\\php\\index.php on line 38, referer: http://localhost/php/?p=unit-converter
[Mon Feb 13 20:56:25.311125 2017] [php7:warn] [pid 2196:tid 1516] [client ::1:3220] PHP Warning:  include(): Failed opening '.php' for inclusion (include_path='.;E:/UniServerZ/home/us_pear/PEAR') in E:\\UniServerZ\\www\\php\\index.php on line 38, referer: http://localhost/php/?p=unit-converter
[Mon Feb 13 20:56:27.811188 2017] [php7:notice] [pid 2196:tid 1516] [client ::1:3220] PHP Notice:  Undefined index: pounds in E:\\UniServerZ\\www\\php\\unit-converter.php on line 3, referer: http://localhost/php/
[Mon Feb 13 20:56:49.743925 2017] [php7:warn] [pid 2196:tid 1588] [client ::1:3228] PHP Warning:  include(converter.php): failed to open stream: No such file or directory in E:\\UniServerZ\\www\\php\\index.php on line 38, referer: http://localhost/php/?p=unit-converter
[Mon Feb 13 20:56:49.743925 2017] [php7:warn] [pid 2196:tid 1588] [client ::1:3228] PHP Warning:  include(): Failed opening 'converter.php' for inclusion (include_path='.;E:/UniServerZ/home/us_pear/PEAR') in E:\\UniServerZ\\www\\php\\index.php on line 38, referer: http://localhost/php/?p=unit-converter
[Mon Feb 13 20:56:54.512994 2017] [php7:notice] [pid 2196:tid 1588] [client ::1:3228] PHP Notice:  Undefined index: pounds in E:\\UniServerZ\\www\\php\\unit-converter.php on line 3, referer: http://localhost/php/?p=converter
[Mon Feb 13 20:57:03.450142 2017] [php7:warn] [pid 2196:tid 1588] [client ::1:3228] PHP Warning:  include(converter.php): failed to open stream: No such file or directory in E:\\UniServerZ\\www\\php\\index.php on line 38, referer: http://localhost/php/?p=exercises
[Mon Feb 13 20:57:03.450142 2017] [php7:warn] [pid 2196:tid 1588] [client ::1:3228] PHP Warning:  include(): Failed opening 'converter.php' for inclusion (include_path='.;E:/UniServerZ/home/us_pear/PEAR') in E:\\UniServerZ\\www\\php\\index.php on line 38, referer: http://localhost/php/?p=exercises
[Mon Feb 13 20:57:05.521184 2017] [php7:notice] [pid 2196:tid 1588] [client ::1:3228] PHP Notice:  Undefined index: pounds in E:\\UniServerZ\\www\\php\\unit-converter.php on line 3, referer: http://localhost/php/?p=converter
[Mon Feb 13 20:58:21.406362 2017] [php7:notice] [pid 2196:tid 1588] [client ::1:3245] PHP Notice:  Undefined index: p in E:\\UniServerZ\\www\\php\\index.php on line 36, referer: http://localhost/php/?p=unit-converter
[Mon Feb 13 20:58:21.406362 2017] [php7:warn] [pid 2196:tid 1588] [client ::1:3245] PHP Warning:  include(.php): failed to open stream: No such file or directory in E:\\UniServerZ\\www\\php\\index.php on line 38, referer: http://localhost/php/?p=unit-converter
[Mon Feb 13 20:58:21.406362 2017] [php7:warn] [pid 2196:tid 1588] [client ::1:3245] PHP Warning:  include(): Failed opening '.php' for inclusion (include_path='.;E:/UniServerZ/home/us_pear/PEAR') in E:\\UniServerZ\\www\\php\\index.php on line 38, referer: http://localhost/php/?p=unit-converter
[Mon Feb 13 20:58:24.394415 2017] [php7:notice] [pid 2196:tid 1588] [client ::1:3245] PHP Notice:  Undefined index: pounds in E:\\UniServerZ\\www\\php\\unit-converter.php on line 3, referer: http://localhost/php/
[Mon Feb 13 20:58:33.437531 2017] [php7:notice] [pid 2196:tid 1588] [client ::1:3248] PHP Notice:  Undefined index: pounds in E:\\UniServerZ\\www\\php\\unit-converter.php on line 3, referer: http://localhost/php/?p=unit-converter
[Mon Feb 13 20:58:40.447669 2017] [php7:notice] [pid 2196:tid 1588] [client ::1:3249] PHP Notice:  Undefined index: pounds in E:\\UniServerZ\\www\\php\\unit-converter.php on line 3, referer: http://localhost/php/?p=unit-converter
[Mon Feb 13 20:58:50.460763 2017] [php7:notice] [pid 2196:tid 1588] [client ::1:3250] PHP Notice:  Undefined index: pounds in E:\\UniServerZ\\www\\php\\unit-converter.php on line 3, referer: http://localhost/php/?p=unit-converter
[Mon Feb 13 20:58:52.518832 2017] [php7:notice] [pid 2196:tid 1588] [client ::1:3250] PHP Notice:  Undefined index: pounds in E:\\UniServerZ\\www\\php\\unit-converter.php on line 3, referer: http://localhost/php/?p=unit-converter
[Mon Feb 13 20:58:55.239906 2017] [php7:notice] [pid 2196:tid 1588] [client ::1:3250] PHP Notice:  Undefined index: pounds in E:\\UniServerZ\\www\\php\\unit-converter.php on line 3, referer: http://localhost/php/?p=exercises
[Mon Feb 13 20:58:59.154983 2017] [php7:notice] [pid 2196:tid 1588] [client ::1:3250] PHP Notice:  Undefined index: pounds in E:\\UniServerZ\\www\\php\\unit-converter.php on line 3, referer: http://localhost/php/?p=unit-converter
[Mon Feb 13 21:02:00.958607 2017] [php7:notice] [pid 2196:tid 1588] [client ::1:3293] PHP Notice:  Undefined index: pounds in E:\\UniServerZ\\www\\php\\unit-converter.php on line 3, referer: http://localhost/php/?p=exercises
[Mon Feb 13 21:03:24.607860 2017] [php7:notice] [pid 2196:tid 1588] [client ::1:3318] PHP Notice:  Undefined index: pounds in E:\\UniServerZ\\www\\php\\unit-converter.php on line 3, referer: http://localhost/php/?p=exercises
[Mon Feb 13 21:03:26.491930 2017] [php7:notice] [pid 2196:tid 1588] [client ::1:3318] PHP Notice:  Undefined index: p in E:\\UniServerZ\\www\\php\\index.php on line 36, referer: http://localhost/php/?p=unit-converter
[Mon Feb 13 21:03:26.491930 2017] [php7:warn] [pid 2196:tid 1588] [client ::1:3318] PHP Warning:  include(.php): failed to open stream: No such file or directory in E:\\UniServerZ\\www\\php\\index.php on line 38, referer: http://localhost/php/?p=unit-converter
[Mon Feb 13 21:03:26.491930 2017] [php7:warn] [pid 2196:tid 1588] [client ::1:3318] PHP Warning:  include(): Failed opening '.php' for inclusion (include_path='.;E:/UniServerZ/home/us_pear/PEAR') in E:\\UniServerZ\\www\\php\\index.php on line 38, referer: http://localhost/php/?p=unit-converter
[Mon Feb 13 21:10:10.294660 2017] [php7:notice] [pid 2196:tid 1588] [client ::1:3404] PHP Notice:  Undefined variable: kilograms in E:\\UniServerZ\\www\\php\\unit-converter.php on line 14, referer: http://localhost/php/
[Mon Feb 13 21:11:52.100989 2017] [php7:notice] [pid 2196:tid 1588] [client ::1:3431] PHP Notice:  Undefined variable: kilograms in E:\\UniServerZ\\www\\php\\unit-converter.php on line 14, referer: http://localhost/php/
[Mon Feb 13 21:11:53.890031 2017] [php7:notice] [pid 2196:tid 1588] [client ::1:3431] PHP Notice:  Undefined variable: kilograms in E:\\UniServerZ\\www\\php\\unit-converter.php on line 14, referer: http://localhost/php/?p=unit-converter
[Mon Feb 13 21:11:56.576104 2017] [php7:notice] [pid 2196:tid 1588] [client ::1:3431] PHP Notice:  Undefined variable: kilograms in E:\\UniServerZ\\www\\php\\unit-converter.php on line 14, referer: http://localhost/php/?p=exercises
[Mon Feb 13 21:12:01.924244 2017] [php7:notice] [pid 2196:tid 1588] [client ::1:3431] PHP Notice:  Undefined variable: kilograms in E:\\UniServerZ\\www\\php\\unit-converter.php on line 14, referer: http://localhost/php/
[Mon Feb 20 19:21:30.495432 2017] [core:warn] [pid 4824:tid 224] AH00098: pid file E:/UniServerZ/core/apache2/logs/httpd.pid overwritten -- Unclean shutdown of previous Apache run?
[Mon Feb 20 19:21:30.557434 2017] [mpm_winnt:notice] [pid 4824:tid 224] AH00455: Apache/2.4.25 (Win32) PHP/7.1.1 configured -- resuming normal operations
[Mon Feb 20 19:21:30.557434 2017] [mpm_winnt:notice] [pid 4824:tid 224] AH00456: Apache Lounge VC14 Server built: Dec 17 2016 10:42:52
[Mon Feb 20 19:21:30.557434 2017] [core:notice] [pid 4824:tid 224] AH00094: Command line: 'E:\\UniServerZ\\core\\apache2\\bin\\httpd_z.exe -d E:/UniServerZ/core/apache2 -f E:\\UniServerZ\\core\\apache2\\conf\\httpd.conf -d E:\\UniServerZ\\core\\apache2'
[Mon Feb 20 19:21:30.557434 2017] [mpm_winnt:notice] [pid 4824:tid 224] AH00418: Parent: Created child process 5092
[Mon Feb 20 19:21:31.669454 2017] [mpm_winnt:notice] [pid 5092:tid 292] AH00354: Child: Starting 150 worker threads.
[Mon Feb 20 19:25:37.051917 2017] [core:warn] [pid 4972:tid 224] AH00098: pid file E:/UniServerZ/core/apache2/logs/httpd.pid overwritten -- Unclean shutdown of previous Apache run?
[Mon Feb 20 19:25:37.071917 2017] [mpm_winnt:notice] [pid 4972:tid 224] AH00455: Apache/2.4.25 (Win32) PHP/7.1.1 configured -- resuming normal operations
[Mon Feb 20 19:25:37.071917 2017] [mpm_winnt:notice] [pid 4972:tid 224] AH00456: Apache Lounge VC14 Server built: Dec 17 2016 10:42:52
[Mon Feb 20 19:25:37.071917 2017] [core:notice] [pid 4972:tid 224] AH00094: Command line: 'E:\\UniServerZ\\core\\apache2\\bin\\httpd_z.exe -d E:/UniServerZ/core/apache2 -f E:\\UniServerZ\\core\\apache2\\conf\\httpd.conf -d E:\\UniServerZ\\core\\apache2'
[Mon Feb 20 19:25:37.071917 2017] [mpm_winnt:notice] [pid 4972:tid 224] AH00418: Parent: Created child process 4912
[Mon Feb 20 19:25:38.173960 2017] [mpm_winnt:notice] [pid 4912:tid 292] AH00354: Child: Starting 150 worker threads.
[Mon Feb 20 19:26:32.262528 2017] [php7:warn] [pid 4912:tid 1412] [client ::1:1976] PHP Warning:  Parameter 1 to wp_default_styles() expected to be a reference, value given in E:\\UniServerZ\\www\\vintage-sate\\wp-includes\\plugin.php on line 601, referer: http://localhost/
[Mon Feb 20 19:26:32.269528 2017] [php7:warn] [pid 4912:tid 1412] [client ::1:1976] PHP Warning:  Parameter 1 to wp_default_scripts() expected to be a reference, value given in E:\\UniServerZ\\www\\vintage-sate\\wp-includes\\plugin.php on line 601, referer: http://localhost/
[Mon Feb 20 19:27:02.069209 2017] [php7:warn] [pid 4912:tid 1540] [client ::1:1993] PHP Warning:  Parameter 1 to wp_default_styles() expected to be a reference, value given in E:\\UniServerZ\\www\\vintagesate\\wp-includes\\plugin.php on line 601, referer: http://localhost/
[Mon Feb 20 19:27:02.072209 2017] [php7:warn] [pid 4912:tid 1540] [client ::1:1993] PHP Warning:  Parameter 1 to wp_default_scripts() expected to be a reference, value given in E:\\UniServerZ\\www\\vintagesate\\wp-includes\\plugin.php on line 601, referer: http://localhost/
[Mon Feb 20 19:29:16.169540 2017] [php7:notice] [pid 4912:tid 1544] [client ::1:2041] WordPress database error Unknown column 'vi_' in 'field list' for query SELECT vi_, referer: http://localhost/vintagesate/wp-admin/setup-config.php?step=1
E:/UniServerZ/core/msmtp/msmtp.exe: cannot get initial OK message from server
E:/UniServerZ/core/msmtp/msmtp.exe: server message: 554 cm2gb1 smtp.talktalk.net ESMTP server not available
E:/UniServerZ/core/msmtp/msmtp.exe: could not send mail (account default from E:/UniServerZ/core/msmtp/msmtprc.ini)
E:/UniServerZ/core/msmtp/msmtp.exe: cannot get initial OK message from server
E:/UniServerZ/core/msmtp/msmtp.exe: server message: 554 cm2gb1 smtp.talktalk.net ESMTP server not available
E:/UniServerZ/core/msmtp/msmtp.exe: could not send mail (account default from E:/UniServerZ/core/msmtp/msmtprc.ini)
[Mon Feb 20 19:36:57.258335 2017] [php7:notice] [pid 4912:tid 1536] [client ::1:2243] WordPress database error Unknown column 'vi_' in 'field list' for query SELECT vi_, referer: http://localhost/vintage/wp-admin/setup-config.php?step=1
E:/UniServerZ/core/msmtp/msmtp.exe: cannot get initial OK message from server
E:/UniServerZ/core/msmtp/msmtp.exe: server message: 554 cm2gb1 smtp.talktalk.net ESMTP server not available
E:/UniServerZ/core/msmtp/msmtp.exe: could not send mail (account default from E:/UniServerZ/core/msmtp/msmtprc.ini)
[Mon Feb 20 20:39:00.277311 2017] [php7:notice] [pid 4912:tid 1412] [client ::1:5081] PHP Notice:  Use of undefined constant right - assumed 'right' in E:\\UniServerZ\\www\\vintage\\wp-content\\themes\\ba-vintage-bike\\index.php on line 5, referer: http://localhost/vintage/wp-admin/edit.php?post_type=page
[Mon Feb 20 21:00:18.286239 2017] [php7:error] [pid 4912:tid 1540] [client ::1:5597] PHP Fatal error:  Uncaught Error: Call to undefined function wp_header() in E:\\UniServerZ\\www\\vintage\\wp-content\\themes\\ba-vintage-bike\\index.php:12\nStack trace:\n#0 E:\\UniServerZ\\www\\vintage\\wp-includes\\template-loader.php(74): include()\n#1 E:\\UniServerZ\\www\\vintage\\wp-blog-header.php(19): require_once('E:\\\\UniServerZ\\\\w...')\n#2 E:\\UniServerZ\\www\\vintage\\index.php(17): require('E:\\\\UniServerZ\\\\w...')\n#3 {main}\n  thrown in E:\\UniServerZ\\www\\vintage\\wp-content\\themes\\ba-vintage-bike\\index.php on line 12, referer: http://localhost/vintage/wp-admin/edit.php?post_type=page
[Mon Feb 20 21:08:46.219798 2017] [php7:crit] [pid 4912:tid 1540] [client ::1:5830] PHP Parse error:  syntax error, unexpected ')' in E:\\UniServerZ\\www\\vintage\\wp-content\\themes\\ba-vintage-bike\\functions.php on line 11, referer: http://localhost/vintage/wp-admin/edit.php?post_type=page
[Mon Feb 20 21:09:14.040115 2017] [php7:crit] [pid 4912:tid 1540] [client ::1:5845] PHP Parse error:  syntax error, unexpected ')' in E:\\UniServerZ\\www\\vintage\\wp-content\\themes\\ba-vintage-bike\\functions.php on line 11, referer: http://localhost/vintage/wp-admin/edit.php?post_type=page
[Mon Feb 20 21:09:17.288283 2017] [php7:crit] [pid 4912:tid 1540] [client ::1:5845] PHP Parse error:  syntax error, unexpected ')' in E:\\UniServerZ\\www\\vintage\\wp-content\\themes\\ba-vintage-bike\\functions.php on line 11, referer: http://localhost/vintage/wp-admin/edit.php?post_type=page
[Wed Feb 22 17:45:22.939670 2017] [core:warn] [pid 2724:tid 224] AH00098: pid file E:/UniServerZ/core/apache2/logs/httpd.pid overwritten -- Unclean shutdown of previous Apache run?
[Wed Feb 22 17:45:23.059670 2017] [mpm_winnt:notice] [pid 2724:tid 224] AH00455: Apache/2.4.25 (Win32) PHP/7.1.1 configured -- resuming normal operations
[Wed Feb 22 17:45:23.059670 2017] [mpm_winnt:notice] [pid 2724:tid 224] AH00456: Apache Lounge VC14 Server built: Dec 17 2016 10:42:52
[Wed Feb 22 17:45:23.059670 2017] [core:notice] [pid 2724:tid 224] AH00094: Command line: 'E:\\UniServerZ\\core\\apache2\\bin\\httpd_z.exe -d E:/UniServerZ/core/apache2 -f E:\\UniServerZ\\core\\apache2\\conf\\httpd.conf -d E:\\UniServerZ\\core\\apache2'
[Wed Feb 22 17:45:23.082170 2017] [mpm_winnt:notice] [pid 2724:tid 224] AH00418: Parent: Created child process 1756
[Wed Feb 22 17:45:24.294179 2017] [mpm_winnt:notice] [pid 1756:tid 292] AH00354: Child: Starting 150 worker threads.
[Wed Feb 22 17:48:34.321436 2017] [php7:notice] [pid 1756:tid 1496] [client ::1:1756] WordPress database error Unknown column 'ur_' in 'field list' for query SELECT ur_, referer: http://localhost/urku/wp-admin/setup-config.php?step=1
E:/UniServerZ/core/msmtp/msmtp.exe: cannot get initial OK message from server
E:/UniServerZ/core/msmtp/msmtp.exe: server message: 554 cm5gb1 smtp.talktalk.net ESMTP server not available
E:/UniServerZ/core/msmtp/msmtp.exe: could not send mail (account default from E:/UniServerZ/core/msmtp/msmtprc.ini)
[Wed Feb 22 18:12:13.152318 2017] [mpm_winnt:notice] [pid 2724:tid 224] AH00428: Parent: child process 1756 exited with status 1073807364 -- Restarting.
[Wed Feb 22 19:01:35.492347 2017] [core:warn] [pid 4408:tid 224] AH00098: pid file E:/UniServerZ/core/apache2/logs/httpd.pid overwritten -- Unclean shutdown of previous Apache run?
[Wed Feb 22 19:01:35.719851 2017] [mpm_winnt:notice] [pid 4408:tid 224] AH00455: Apache/2.4.25 (Win32) PHP/7.1.1 configured -- resuming normal operations
[Wed Feb 22 19:01:35.719851 2017] [mpm_winnt:notice] [pid 4408:tid 224] AH00456: Apache Lounge VC14 Server built: Dec 17 2016 10:42:52
[Wed Feb 22 19:01:35.719851 2017] [core:notice] [pid 4408:tid 224] AH00094: Command line: 'E:\\UniServerZ\\core\\apache2\\bin\\httpd_z.exe -d E:/UniServerZ/core/apache2 -f E:\\UniServerZ\\core\\apache2\\conf\\httpd.conf -d E:\\UniServerZ\\core\\apache2'
[Wed Feb 22 19:01:35.767352 2017] [mpm_winnt:notice] [pid 4408:tid 224] AH00418: Parent: Created child process 4648
[Wed Feb 22 19:01:37.739882 2017] [mpm_winnt:notice] [pid 4648:tid 292] AH00354: Child: Starting 150 worker threads.
[Wed Feb 22 19:47:39.573146 2017] [php7:crit] [pid 4648:tid 1504] [client ::1:2160] PHP Parse error:  syntax error, unexpected ')' in E:\\UniServerZ\\www\\urku\\wp-content\\themes\\urku\\index.php on line 1, referer: http://localhost/urku/wp-admin/edit.php?post_type=page
[Fri Feb 24 08:42:38.606059 2017] [core:warn] [pid 5220:tid 224] AH00098: pid file E:/UniServerZ/core/apache2/logs/httpd.pid overwritten -- Unclean shutdown of previous Apache run?
[Fri Feb 24 08:42:38.632061 2017] [mpm_winnt:notice] [pid 5220:tid 224] AH00455: Apache/2.4.25 (Win32) PHP/7.1.1 configured -- resuming normal operations
[Fri Feb 24 08:42:38.632061 2017] [mpm_winnt:notice] [pid 5220:tid 224] AH00456: Apache Lounge VC14 Server built: Dec 17 2016 10:42:52
[Fri Feb 24 08:42:38.632061 2017] [core:notice] [pid 5220:tid 224] AH00094: Command line: 'E:\\UniServerZ\\core\\apache2\\bin\\httpd_z.exe -d E:/UniServerZ/core/apache2 -f E:\\UniServerZ\\core\\apache2\\conf\\httpd.conf -d E:\\UniServerZ\\core\\apache2'
[Fri Feb 24 08:42:38.639061 2017] [mpm_winnt:notice] [pid 5220:tid 224] AH00418: Parent: Created child process 2868
[Fri Feb 24 08:42:40.126146 2017] [mpm_winnt:notice] [pid 2868:tid 292] AH00354: Child: Starting 150 worker threads.
[Fri Feb 24 09:05:56.550592 2017] [mpm_winnt:notice] [pid 5220:tid 224] AH00428: Parent: child process 2868 exited with status 1073807364 -- Restarting.
[Mon Feb 27 18:59:12.128931 2017] [core:warn] [pid 3316:tid 224] AH00098: pid file E:/UniServerZ/core/apache2/logs/httpd.pid overwritten -- Unclean shutdown of previous Apache run?
[Mon Feb 27 18:59:12.160131 2017] [mpm_winnt:notice] [pid 3316:tid 224] AH00455: Apache/2.4.25 (Win32) PHP/7.1.1 configured -- resuming normal operations
[Mon Feb 27 18:59:12.160131 2017] [mpm_winnt:notice] [pid 3316:tid 224] AH00456: Apache Lounge VC14 Server built: Dec 17 2016 10:42:52
[Mon Feb 27 18:59:12.160131 2017] [core:notice] [pid 3316:tid 224] AH00094: Command line: 'E:\\UniServerZ\\core\\apache2\\bin\\httpd_z.exe -d E:/UniServerZ/core/apache2 -f E:\\UniServerZ\\core\\apache2\\conf\\httpd.conf -d E:\\UniServerZ\\core\\apache2'
[Mon Feb 27 18:59:12.160131 2017] [mpm_winnt:notice] [pid 3316:tid 224] AH00418: Parent: Created child process 3580
[Mon Feb 27 18:59:13.220933 2017] [mpm_winnt:notice] [pid 3580:tid 292] AH00354: Child: Starting 150 worker threads.
[Wed Mar 01 10:44:21.271829 2017] [core:warn] [pid 1908:tid 224] AH00098: pid file E:/UniServerZ/core/apache2/logs/httpd.pid overwritten -- Unclean shutdown of previous Apache run?
[Wed Mar 01 10:44:21.318629 2017] [mpm_winnt:notice] [pid 1908:tid 224] AH00455: Apache/2.4.25 (Win32) PHP/7.1.1 configured -- resuming normal operations
[Wed Mar 01 10:44:21.318629 2017] [mpm_winnt:notice] [pid 1908:tid 224] AH00456: Apache Lounge VC14 Server built: Dec 17 2016 10:42:52
[Wed Mar 01 10:44:21.318629 2017] [core:notice] [pid 1908:tid 224] AH00094: Command line: 'E:\\UniServerZ\\core\\apache2\\bin\\httpd_z.exe -d E:/UniServerZ/core/apache2 -f E:\\UniServerZ\\core\\apache2\\conf\\httpd.conf -d E:\\UniServerZ\\core\\apache2'
[Wed Mar 01 10:44:21.334229 2017] [mpm_winnt:notice] [pid 1908:tid 224] AH00418: Parent: Created child process 3840
[Wed Mar 01 10:44:22.348231 2017] [mpm_winnt:notice] [pid 3840:tid 292] AH00354: Child: Starting 150 worker threads.
[Wed Mar 01 10:49:04.456152 2017] [php7:notice] [pid 3840:tid 1504] [client ::1:1835] WordPress database error Unknown column 'cl_' in 'field list' for query SELECT cl_, referer: http://localhost/closest/wp-admin/setup-config.php?step=1
E:/UniServerZ/core/msmtp/msmtp.exe: cannot get initial OK message from server
E:/UniServerZ/core/msmtp/msmtp.exe: server message: 554 cm4gb1 smtp.talktalk.net ESMTP server not available
E:/UniServerZ/core/msmtp/msmtp.exe: could not send mail (account default from E:/UniServerZ/core/msmtp/msmtprc.ini)
[Wed Mar 01 10:56:53.965497 2017] [php7:notice] [pid 3840:tid 1516] [client ::1:2234] WordPress database error Unknown column 'wp_' in 'field list' for query SELECT wp_, referer: http://localhost/closest/wp-admin/setup-config.php?step=1
E:/UniServerZ/core/msmtp/msmtp.exe: cannot get initial OK message from server
E:/UniServerZ/core/msmtp/msmtp.exe: server message: 554 cm4gb1 smtp.talktalk.net ESMTP server not available
E:/UniServerZ/core/msmtp/msmtp.exe: could not send mail (account default from E:/UniServerZ/core/msmtp/msmtprc.ini)
[Wed Mar 01 16:22:18.542984 2017] [php7:warn] [pid 3840:tid 1500] [client ::1:5800] PHP Warning:  call_user_func_array() expects parameter 1 to be a valid callback, function 'cl_style' not found or invalid function name in E:\\UniServerZ\\www\\closest\\wp-includes\\class-wp-hook.php on line 298, referer: http://localhost/closest/wp-admin/themes.php
[Wed Mar 01 16:22:19.178020 2017] [php7:warn] [pid 3840:tid 1508] [client ::1:5803] PHP Warning:  call_user_func_array() expects parameter 1 to be a valid callback, function 'cl_style' not found or invalid function name in E:\\UniServerZ\\www\\closest\\wp-includes\\class-wp-hook.php on line 298, referer: http://localhost/closest/
[Wed Mar 01 16:22:19.250024 2017] [php7:warn] [pid 3840:tid 1500] [client ::1:5800] PHP Warning:  call_user_func_array() expects parameter 1 to be a valid callback, function 'cl_style' not found or invalid function name in E:\\UniServerZ\\www\\closest\\wp-includes\\class-wp-hook.php on line 298, referer: http://localhost/closest/
[Wed Mar 01 16:22:19.855059 2017] [php7:warn] [pid 3840:tid 1504] [client ::1:5802] PHP Warning:  call_user_func_array() expects parameter 1 to be a valid callback, function 'cl_style' not found or invalid function name in E:\\UniServerZ\\www\\closest\\wp-includes\\class-wp-hook.php on line 298, referer: http://localhost/closest/
[Wed Mar 01 16:22:20.256082 2017] [php7:warn] [pid 3840:tid 1508] [client ::1:5803] PHP Warning:  call_user_func_array() expects parameter 1 to be a valid callback, function 'cl_style' not found or invalid function name in E:\\UniServerZ\\www\\closest\\wp-includes\\class-wp-hook.php on line 298, referer: http://localhost/closest/
[Wed Mar 01 16:22:20.306085 2017] [php7:warn] [pid 3840:tid 1512] [client ::1:5808] PHP Warning:  call_user_func_array() expects parameter 1 to be a valid callback, function 'cl_style' not found or invalid function name in E:\\UniServerZ\\www\\closest\\wp-includes\\class-wp-hook.php on line 298, referer: http://localhost/closest/
[Wed Mar 01 16:22:20.308085 2017] [php7:warn] [pid 3840:tid 1520] [client ::1:5807] PHP Warning:  call_user_func_array() expects parameter 1 to be a valid callback, function 'cl_style' not found or invalid function name in E:\\UniServerZ\\www\\closest\\wp-includes\\class-wp-hook.php on line 298, referer: http://localhost/closest/
[Wed Mar 01 16:22:20.402090 2017] [php7:warn] [pid 3840:tid 1504] [client ::1:5802] PHP Warning:  call_user_func_array() expects parameter 1 to be a valid callback, function 'cl_style' not found or invalid function name in E:\\UniServerZ\\www\\closest\\wp-includes\\class-wp-hook.php on line 298, referer: http://localhost/closest/
[Wed Mar 01 16:22:20.428092 2017] [php7:warn] [pid 3840:tid 1500] [client ::1:5800] PHP Warning:  call_user_func_array() expects parameter 1 to be a valid callback, function 'cl_style' not found or invalid function name in E:\\UniServerZ\\www\\closest\\wp-includes\\class-wp-hook.php on line 298, referer: http://localhost/closest/
[Wed Mar 01 16:22:20.875117 2017] [php7:warn] [pid 3840:tid 1500] [client ::1:5800] PHP Warning:  call_user_func_array() expects parameter 1 to be a valid callback, function 'cl_style' not found or invalid function name in E:\\UniServerZ\\www\\closest\\wp-includes\\class-wp-hook.php on line 298, referer: http://localhost/closest/
[Wed Mar 01 16:22:21.300142 2017] [php7:warn] [pid 3840:tid 1512] [client ::1:5808] PHP Warning:  call_user_func_array() expects parameter 1 to be a valid callback, function 'cl_style' not found or invalid function name in E:\\UniServerZ\\www\\closest\\wp-includes\\class-wp-hook.php on line 298, referer: http://localhost/closest/
[Wed Mar 01 16:22:21.369146 2017] [php7:warn] [pid 3840:tid 1516] [client ::1:5812] PHP Warning:  call_user_func_array() expects parameter 1 to be a valid callback, function 'cl_style' not found or invalid function name in E:\\UniServerZ\\www\\closest\\wp-includes\\class-wp-hook.php on line 298, referer: http://localhost/closest/
[Wed Mar 01 16:22:21.499153 2017] [php7:warn] [pid 3840:tid 1520] [client ::1:5807] PHP Warning:  call_user_func_array() expects parameter 1 to be a valid callback, function 'cl_style' not found or invalid function name in E:\\UniServerZ\\www\\closest\\wp-includes\\class-wp-hook.php on line 298, referer: http://localhost/closest/
[Wed Mar 01 16:22:21.604159 2017] [php7:warn] [pid 3840:tid 1500] [client ::1:5800] PHP Warning:  call_user_func_array() expects parameter 1 to be a valid callback, function 'cl_style' not found or invalid function name in E:\\UniServerZ\\www\\closest\\wp-includes\\class-wp-hook.php on line 298, referer: http://localhost/closest/
[Wed Mar 01 16:22:21.672163 2017] [php7:warn] [pid 3840:tid 1504] [client ::1:5802] PHP Warning:  call_user_func_array() expects parameter 1 to be a valid callback, function 'cl_style' not found or invalid function name in E:\\UniServerZ\\www\\closest\\wp-includes\\class-wp-hook.php on line 298, referer: http://localhost/closest/
[Wed Mar 01 16:22:21.743167 2017] [php7:warn] [pid 3840:tid 1516] [client ::1:5812] PHP Warning:  call_user_func_array() expects parameter 1 to be a valid callback, function 'cl_style' not found or invalid function name in E:\\UniServerZ\\www\\closest\\wp-includes\\class-wp-hook.php on line 298, referer: http://localhost/closest/
[Wed Mar 01 16:22:21.750167 2017] [php7:warn] [pid 3840:tid 1508] [client ::1:5803] PHP Warning:  call_user_func_array() expects parameter 1 to be a valid callback, function 'cl_style' not found or invalid function name in E:\\UniServerZ\\www\\closest\\wp-includes\\class-wp-hook.php on line 298, referer: http://localhost/closest/
[Wed Mar 01 16:22:22.041184 2017] [php7:warn] [pid 3840:tid 1516] [client ::1:5812] PHP Warning:  call_user_func_array() expects parameter 1 to be a valid callback, function 'cl_style' not found or invalid function name in E:\\UniServerZ\\www\\closest\\wp-includes\\class-wp-hook.php on line 298, referer: http://localhost/closest/
[Wed Mar 01 16:22:22.322200 2017] [php7:warn] [pid 3840:tid 1516] [client ::1:5812] PHP Warning:  call_user_func_array() expects parameter 1 to be a valid callback, function 'cl_style' not found or invalid function name in E:\\UniServerZ\\www\\closest\\wp-includes\\class-wp-hook.php on line 298, referer: http://localhost/closest/
[Wed Mar 01 16:22:22.603216 2017] [php7:warn] [pid 3840:tid 1516] [client ::1:5812] PHP Warning:  call_user_func_array() expects parameter 1 to be a valid callback, function 'cl_style' not found or invalid function name in E:\\UniServerZ\\www\\closest\\wp-includes\\class-wp-hook.php on line 298, referer: http://localhost/closest/
[Wed Mar 01 16:34:06.332823 2017] [php7:crit] [pid 3840:tid 1508] [client ::1:6091] PHP Parse error:  syntax error, unexpected '?>' in E:\\UniServerZ\\www\\closest\\wp-content\\themes\\closest\\index.php on line 61, referer: http://localhost/closest/services.html
[Wed Mar 01 16:34:29.621596 2017] [php7:crit] [pid 3840:tid 1508] [client ::1:6099] PHP Parse error:  syntax error, unexpected '?>' in E:\\UniServerZ\\www\\closest\\wp-content\\themes\\closest\\index.php on line 61, referer: http://localhost/closest/services.html
[Wed Mar 01 16:34:55.341323 2017] [php7:crit] [pid 3840:tid 1508] [client ::1:6103] PHP Parse error:  syntax error, unexpected '?>' in E:\\UniServerZ\\www\\closest\\wp-content\\themes\\closest\\index.php on line 61, referer: http://localhost/closest/services.html
[Wed Mar 01 16:35:01.073595 2017] [php7:crit] [pid 3840:tid 1508] [client ::1:6108] PHP Parse error:  syntax error, unexpected '?>' in E:\\UniServerZ\\www\\closest\\wp-content\\themes\\closest\\index.php on line 61, referer: http://localhost/closest/services.html
[Wed Mar 01 16:35:33.126882 2017] [php7:crit] [pid 3840:tid 1508] [client ::1:6122] PHP Parse error:  syntax error, unexpected '?>' in E:\\UniServerZ\\www\\closest\\wp-content\\themes\\closest\\index.php on line 100, referer: http://localhost/closest/services.html
[Wed Mar 01 16:37:21.795760 2017] [php7:crit] [pid 3840:tid 1504] [client ::1:6169] PHP Parse error:  syntax error, unexpected '?>' in E:\\UniServerZ\\www\\closest\\wp-content\\themes\\closest\\index.php on line 100, referer: http://localhost/closest/services.html
[Wed Mar 01 16:39:41.379164 2017] [php7:crit] [pid 3840:tid 1496] [client ::1:6214] PHP Parse error:  syntax error, unexpected '?>' in E:\\UniServerZ\\www\\urku\\wp-content\\themes\\urku\\index.php on line 7, referer: http://localhost/urku/blog/
[Wed Mar 01 17:39:52.154732 2017] [php7:crit] [pid 3840:tid 1516] [client ::1:7715] PHP Parse error:  syntax error, unexpected end of file in E:\\UniServerZ\\www\\closest\\wp-content\\themes\\closest\\index.php on line 13, referer: http://localhost/closest/services.html
[Wed Mar 01 17:40:07.083455 2017] [php7:crit] [pid 3840:tid 1516] [client ::1:7717] PHP Parse error:  syntax error, unexpected end of file in E:\\UniServerZ\\www\\closest\\wp-content\\themes\\closest\\index.php on line 13, referer: http://localhost/closest/services.html
[Wed Mar 01 17:41:27.482303 2017] [php7:crit] [pid 3840:tid 1516] [client ::1:7737] PHP Parse error:  syntax error, unexpected end of file in E:\\UniServerZ\\www\\closest\\wp-content\\themes\\closest\\index.php on line 13, referer: http://localhost/closest/services.html
[Wed Mar 01 17:50:01.557188 2017] [php7:warn] [pid 3840:tid 1512] [client ::1:7960] PHP Warning:  call_user_func_array() expects parameter 1 to be a valid callback, function 'special_nav_class' not found or invalid function name in E:\\UniServerZ\\www\\closest\\wp-includes\\class-wp-hook.php on line 300, referer: http://localhost/closest/about-2/
[Wed Mar 01 17:50:01.557188 2017] [php7:warn] [pid 3840:tid 1512] [client ::1:7960] PHP Warning:  join(): Invalid arguments passed in E:\\UniServerZ\\www\\closest\\wp-includes\\class-walker-nav-menu.php on line 136, referer: http://localhost/closest/about-2/
[Wed Mar 01 17:50:01.558189 2017] [php7:warn] [pid 3840:tid 1512] [client ::1:7960] PHP Warning:  call_user_func_array() expects parameter 1 to be a valid callback, function 'add_specific_menu_location_atts' not found or invalid function name in E:\\UniServerZ\\www\\closest\\wp-includes\\class-wp-hook.php on line 300, referer: http://localhost/closest/about-2/
[Wed Mar 01 17:50:01.558189 2017] [php7:warn] [pid 3840:tid 1512] [client ::1:7960] PHP Warning:  Invalid argument supplied for foreach() in E:\\UniServerZ\\www\\closest\\wp-includes\\class-walker-nav-menu.php on line 182, referer: http://localhost/closest/about-2/
[Wed Mar 01 17:50:01.558189 2017] [php7:warn] [pid 3840:tid 1512] [client ::1:7960] PHP Warning:  call_user_func_array() expects parameter 1 to be a valid callback, function 'special_nav_class' not found or invalid function name in E:\\UniServerZ\\www\\closest\\wp-includes\\class-wp-hook.php on line 300, referer: http://localhost/closest/about-2/
[Wed Mar 01 17:50:01.558189 2017] [php7:warn] [pid 3840:tid 1512] [client ::1:7960] PHP Warning:  join(): Invalid arguments passed in E:\\UniServerZ\\www\\closest\\wp-includes\\class-walker-nav-menu.php on line 136, referer: http://localhost/closest/about-2/
[Wed Mar 01 17:50:01.558189 2017] [php7:warn] [pid 3840:tid 1512] [client ::1:7960] PHP Warning:  call_user_func_array() expects parameter 1 to be a valid callback, function 'add_specific_menu_location_atts' not found or invalid function name in E:\\UniServerZ\\www\\closest\\wp-includes\\class-wp-hook.php on line 300, referer: http://localhost/closest/about-2/
[Wed Mar 01 17:50:01.558189 2017] [php7:warn] [pid 3840:tid 1512] [client ::1:7960] PHP Warning:  Invalid argument supplied for foreach() in E:\\UniServerZ\\www\\closest\\wp-includes\\class-walker-nav-menu.php on line 182, referer: http://localhost/closest/about-2/
[Wed Mar 01 17:50:01.558189 2017] [php7:warn] [pid 3840:tid 1512] [client ::1:7960] PHP Warning:  call_user_func_array() expects parameter 1 to be a valid callback, function 'special_nav_class' not found or invalid function name in E:\\UniServerZ\\www\\closest\\wp-includes\\class-wp-hook.php on line 300, referer: http://localhost/closest/about-2/
[Wed Mar 01 17:50:01.558189 2017] [php7:warn] [pid 3840:tid 1512] [client ::1:7960] PHP Warning:  join(): Invalid arguments passed in E:\\UniServerZ\\www\\closest\\wp-includes\\class-walker-nav-menu.php on line 136, referer: http://localhost/closest/about-2/
[Wed Mar 01 17:50:01.558189 2017] [php7:warn] [pid 3840:tid 1512] [client ::1:7960] PHP Warning:  call_user_func_array() expects parameter 1 to be a valid callback, function 'add_specific_menu_location_atts' not found or invalid function name in E:\\UniServerZ\\www\\closest\\wp-includes\\class-wp-hook.php on line 300, referer: http://localhost/closest/about-2/
[Wed Mar 01 17:50:01.558189 2017] [php7:warn] [pid 3840:tid 1512] [client ::1:7960] PHP Warning:  Invalid argument supplied for foreach() in E:\\UniServerZ\\www\\closest\\wp-includes\\class-walker-nav-menu.php on line 182, referer: http://localhost/closest/about-2/
[Wed Mar 01 17:50:01.558189 2017] [php7:warn] [pid 3840:tid 1512] [client ::1:7960] PHP Warning:  call_user_func_array() expects parameter 1 to be a valid callback, function 'special_nav_class' not found or invalid function name in E:\\UniServerZ\\www\\closest\\wp-includes\\class-wp-hook.php on line 300, referer: http://localhost/closest/about-2/
[Wed Mar 01 17:50:01.558189 2017] [php7:warn] [pid 3840:tid 1512] [client ::1:7960] PHP Warning:  join(): Invalid arguments passed in E:\\UniServerZ\\www\\closest\\wp-includes\\class-walker-nav-menu.php on line 136, referer: http://localhost/closest/about-2/
[Wed Mar 01 17:50:01.558189 2017] [php7:warn] [pid 3840:tid 1512] [client ::1:7960] PHP Warning:  call_user_func_array() expects parameter 1 to be a valid callback, function 'add_specific_menu_location_atts' not found or invalid function name in E:\\UniServerZ\\www\\closest\\wp-includes\\class-wp-hook.php on line 300, referer: http://localhost/closest/about-2/
[Wed Mar 01 17:50:01.558189 2017] [php7:warn] [pid 3840:tid 1512] [client ::1:7960] PHP Warning:  Invalid argument supplied for foreach() in E:\\UniServerZ\\www\\closest\\wp-includes\\class-walker-nav-menu.php on line 182, referer: http://localhost/closest/about-2/
[Wed Mar 01 17:50:03.143279 2017] [php7:warn] [pid 3840:tid 1496] [client ::1:7966] PHP Warning:  call_user_func_array() expects parameter 1 to be a valid callback, function 'special_nav_class' not found or invalid function name in E:\\UniServerZ\\www\\closest\\wp-includes\\class-wp-hook.php on line 300
[Wed Mar 01 17:50:03.143279 2017] [php7:warn] [pid 3840:tid 1496] [client ::1:7966] PHP Warning:  join(): Invalid arguments passed in E:\\UniServerZ\\www\\closest\\wp-includes\\class-walker-nav-menu.php on line 136
[Wed Mar 01 17:50:03.143279 2017] [php7:warn] [pid 3840:tid 1496] [client ::1:7966] PHP Warning:  call_user_func_array() expects parameter 1 to be a valid callback, function 'add_specific_menu_location_atts' not found or invalid function name in E:\\UniServerZ\\www\\closest\\wp-includes\\class-wp-hook.php on line 300
[Wed Mar 01 17:50:03.143279 2017] [php7:warn] [pid 3840:tid 1496] [client ::1:7966] PHP Warning:  Invalid argument supplied for foreach() in E:\\UniServerZ\\www\\closest\\wp-includes\\class-walker-nav-menu.php on line 182
[Wed Mar 01 17:50:03.143279 2017] [php7:warn] [pid 3840:tid 1496] [client ::1:7966] PHP Warning:  call_user_func_array() expects parameter 1 to be a valid callback, function 'special_nav_class' not found or invalid function name in E:\\UniServerZ\\www\\closest\\wp-includes\\class-wp-hook.php on line 300
[Wed Mar 01 17:50:03.143279 2017] [php7:warn] [pid 3840:tid 1496] [client ::1:7966] PHP Warning:  join(): Invalid arguments passed in E:\\UniServerZ\\www\\closest\\wp-includes\\class-walker-nav-menu.php on line 136
[Wed Mar 01 17:50:03.144279 2017] [php7:warn] [pid 3840:tid 1496] [client ::1:7966] PHP Warning:  call_user_func_array() expects parameter 1 to be a valid callback, function 'add_specific_menu_location_atts' not found or invalid function name in E:\\UniServerZ\\www\\closest\\wp-includes\\class-wp-hook.php on line 300
[Wed Mar 01 17:50:03.144279 2017] [php7:warn] [pid 3840:tid 1496] [client ::1:7966] PHP Warning:  Invalid argument supplied for foreach() in E:\\UniServerZ\\www\\closest\\wp-includes\\class-walker-nav-menu.php on line 182
[Wed Mar 01 17:50:03.144279 2017] [php7:warn] [pid 3840:tid 1496] [client ::1:7966] PHP Warning:  call_user_func_array() expects parameter 1 to be a valid callback, function 'special_nav_class' not found or invalid function name in E:\\UniServerZ\\www\\closest\\wp-includes\\class-wp-hook.php on line 300
[Wed Mar 01 17:50:03.144279 2017] [php7:warn] [pid 3840:tid 1496] [client ::1:7966] PHP Warning:  join(): Invalid arguments passed in E:\\UniServerZ\\www\\closest\\wp-includes\\class-walker-nav-menu.php on line 136
[Wed Mar 01 17:50:03.144279 2017] [php7:warn] [pid 3840:tid 1496] [client ::1:7966] PHP Warning:  call_user_func_array() expects parameter 1 to be a valid callback, function 'add_specific_menu_location_atts' not found or invalid function name in E:\\UniServerZ\\www\\closest\\wp-includes\\class-wp-hook.php on line 300
[Wed Mar 01 17:50:03.144279 2017] [php7:warn] [pid 3840:tid 1496] [client ::1:7966] PHP Warning:  Invalid argument supplied for foreach() in E:\\UniServerZ\\www\\closest\\wp-includes\\class-walker-nav-menu.php on line 182
[Wed Mar 01 17:50:03.144279 2017] [php7:warn] [pid 3840:tid 1496] [client ::1:7966] PHP Warning:  call_user_func_array() expects parameter 1 to be a valid callback, function 'special_nav_class' not found or invalid function name in E:\\UniServerZ\\www\\closest\\wp-includes\\class-wp-hook.php on line 300
[Wed Mar 01 17:50:03.144279 2017] [php7:warn] [pid 3840:tid 1496] [client ::1:7966] PHP Warning:  join(): Invalid arguments passed in E:\\UniServerZ\\www\\closest\\wp-includes\\class-walker-nav-menu.php on line 136
[Wed Mar 01 17:50:03.144279 2017] [php7:warn] [pid 3840:tid 1496] [client ::1:7966] PHP Warning:  call_user_func_array() expects parameter 1 to be a valid callback, function 'add_specific_menu_location_atts' not found or invalid function name in E:\\UniServerZ\\www\\closest\\wp-includes\\class-wp-hook.php on line 300
[Wed Mar 01 17:50:03.144279 2017] [php7:warn] [pid 3840:tid 1496] [client ::1:7966] PHP Warning:  Invalid argument supplied for foreach() in E:\\UniServerZ\\www\\closest\\wp-includes\\class-walker-nav-menu.php on line 182
[Wed Mar 01 17:59:01.920101 2017] [php7:crit] [pid 3840:tid 1496] [client ::1:8247] PHP Parse error:  syntax error, unexpected end of file in E:\\UniServerZ\\www\\closest\\wp-content\\themes\\closest\\index.php on line 14
[Wed Mar 01 17:59:05.490305 2017] [php7:crit] [pid 3840:tid 1496] [client ::1:8253] PHP Parse error:  syntax error, unexpected end of file in E:\\UniServerZ\\www\\closest\\wp-content\\themes\\closest\\index.php on line 14, referer: http://localhost/closest/
[Wed Mar 01 18:00:22.627702 2017] [php7:crit] [pid 3840:tid 1496] [client ::1:8281] PHP Parse error:  syntax error, unexpected end of file in E:\\UniServerZ\\www\\closest\\wp-content\\themes\\closest\\index.php on line 18, referer: http://localhost/closest/
[Wed Mar 01 18:01:32.495536 2017] [php7:crit] [pid 3840:tid 1500] [client ::1:8302] PHP Parse error:  syntax error, unexpected end of file in E:\\UniServerZ\\www\\closest\\wp-content\\themes\\closest\\index.php on line 18
[Wed Mar 01 18:01:34.331641 2017] [php7:crit] [pid 3840:tid 1500] [client ::1:8308] PHP Parse error:  syntax error, unexpected end of file in E:\\UniServerZ\\www\\closest\\wp-content\\themes\\closest\\index.php on line 18, referer: http://localhost/closest/
[Wed Mar 01 18:01:38.961905 2017] [php7:crit] [pid 3840:tid 1520] [client ::1:8313] PHP Parse error:  syntax error, unexpected end of file in E:\\UniServerZ\\www\\closest\\wp-content\\themes\\closest\\index.php on line 18
[Wed Mar 01 18:34:41.152335 2017] [php7:crit] [pid 3840:tid 1512] [client ::1:9215] PHP Parse error:  syntax error, unexpected '?>' in E:\\UniServerZ\\www\\closest\\wp-content\\themes\\closest\\page.php on line 52, referer: http://localhost/closest/about/
[Wed Mar 01 19:56:44.438585 2017] [php7:crit] [pid 3840:tid 1520] [client ::1:10646] PHP Parse error:  syntax error, unexpected 'endwhile' (T_ENDWHILE) in E:\\UniServerZ\\www\\urku\\wp-content\\themes\\urku\\templates\\page-contacts.php on line 73, referer: http://localhost/urku/
[Mon Mar 06 18:58:19.655351 2017] [core:warn] [pid 4832:tid 224] AH00098: pid file E:/UniServerZ/core/apache2/logs/httpd.pid overwritten -- Unclean shutdown of previous Apache run?
[Mon Mar 06 18:58:19.811351 2017] [mpm_winnt:notice] [pid 4832:tid 224] AH00455: Apache/2.4.25 (Win32) PHP/7.1.1 configured -- resuming normal operations
[Mon Mar 06 18:58:19.811351 2017] [mpm_winnt:notice] [pid 4832:tid 224] AH00456: Apache Lounge VC14 Server built: Dec 17 2016 10:42:52
[Mon Mar 06 18:58:19.811351 2017] [core:notice] [pid 4832:tid 224] AH00094: Command line: 'E:\\UniServerZ\\core\\apache2\\bin\\httpd_z.exe -d E:/UniServerZ/core/apache2 -f E:\\UniServerZ\\core\\apache2\\conf\\httpd.conf -d E:\\UniServerZ\\core\\apache2'
[Mon Mar 06 18:58:19.842551 2017] [mpm_winnt:notice] [pid 4832:tid 224] AH00418: Parent: Created child process 4860
[Mon Mar 06 18:58:21.385971 2017] [mpm_winnt:notice] [pid 4860:tid 292] AH00354: Child: Starting 150 worker threads.
[Mon Mar 06 19:19:11.497272 2017] [core:warn] [pid 5932:tid 224] AH00098: pid file E:/UniServerZ/core/apache2/logs/httpd.pid overwritten -- Unclean shutdown of previous Apache run?
[Mon Mar 06 19:19:11.715672 2017] [mpm_winnt:notice] [pid 5932:tid 224] AH00455: Apache/2.4.25 (Win32) PHP/7.1.1 configured -- resuming normal operations
[Mon Mar 06 19:19:11.715672 2017] [mpm_winnt:notice] [pid 5932:tid 224] AH00456: Apache Lounge VC14 Server built: Dec 17 2016 10:42:52
[Mon Mar 06 19:19:11.715672 2017] [core:notice] [pid 5932:tid 224] AH00094: Command line: 'E:\\UniServerZ\\core\\apache2\\bin\\httpd_z.exe -d E:/UniServerZ/core/apache2 -f E:\\UniServerZ\\core\\apache2\\conf\\httpd.conf -d E:\\UniServerZ\\core\\apache2'
[Mon Mar 06 19:19:11.715672 2017] [mpm_winnt:notice] [pid 5932:tid 224] AH00418: Parent: Created child process 3620
[Mon Mar 06 19:19:12.976296 2017] [mpm_winnt:notice] [pid 3620:tid 300] AH00354: Child: Starting 150 worker threads.
[Mon Mar 06 19:53:32.091872 2017] [php7:crit] [pid 3620:tid 1580] [client ::1:2720] PHP Parse error:  syntax error, unexpected ';', expecting ',' or ')' in E:\\UniServerZ\\www\\urku\\wp-content\\themes\\urku\\templates\\about-page.php on line 21, referer: http://localhost/urku/about/
E:/UniServerZ/core/msmtp/msmtp.exe: cannot get initial OK message from server
E:/UniServerZ/core/msmtp/msmtp.exe: server message: 554 cm4gb1 smtp.talktalk.net ESMTP server not available
E:/UniServerZ/core/msmtp/msmtp.exe: could not send mail (account default from E:/UniServerZ/core/msmtp/msmtprc.ini)
[Sat Mar 11 12:09:25.488906 2017] [core:warn] [pid 5448:tid 228] AH00098: pid file E:/UniServerZ/core/apache2/logs/httpd.pid overwritten -- Unclean shutdown of previous Apache run?
[Sat Mar 11 12:09:30.315947 2017] [mpm_winnt:notice] [pid 5448:tid 228] AH00455: Apache/2.4.25 (Win32) PHP/7.1.1 configured -- resuming normal operations
[Sat Mar 11 12:09:30.315947 2017] [mpm_winnt:notice] [pid 5448:tid 228] AH00456: Apache Lounge VC14 Server built: Dec 17 2016 10:42:52
[Sat Mar 11 12:09:30.315947 2017] [core:notice] [pid 5448:tid 228] AH00094: Command line: 'E:\\UniServerZ\\core\\apache2\\bin\\httpd_z.exe -d E:/UniServerZ/core/apache2 -f E:\\UniServerZ\\core\\apache2\\conf\\httpd.conf -d E:\\UniServerZ\\core\\apache2'
[Sat Mar 11 12:09:30.852973 2017] [mpm_winnt:notice] [pid 5448:tid 228] AH00418: Parent: Created child process 3344
[Sat Mar 11 12:09:34.808199 2017] [mpm_winnt:notice] [pid 3344:tid 312] AH00354: Child: Starting 150 worker threads.
[Sat Mar 11 12:10:48.673279 2017] [php7:crit] [pid 3344:tid 1536] [client ::1:2048] PHP Parse error:  syntax error, unexpected 'endwhile' (T_ENDWHILE), expecting elseif (T_ELSEIF) or else (T_ELSE) or endif (T_ENDIF) in E:\\UniServerZ\\www\\urku\\wp-content\\themes\\urku\\templates\\page-home.php on line 138, referer: http://localhost/index.php
[Sat Mar 11 12:11:03.754686 2017] [php7:crit] [pid 3344:tid 1540] [client ::1:2061] PHP Parse error:  syntax error, unexpected 'endwhile' (T_ENDWHILE), expecting elseif (T_ELSEIF) or else (T_ELSE) or endif (T_ENDIF) in E:\\UniServerZ\\www\\urku\\wp-content\\themes\\urku\\templates\\page-home.php on line 138, referer: http://localhost/index.php
[Sat Mar 11 12:13:02.283959 2017] [php7:crit] [pid 3344:tid 1540] [client ::1:2076] PHP Parse error:  syntax error, unexpected 'endwhile' (T_ENDWHILE), expecting elseif (T_ELSEIF) or else (T_ELSE) or endif (T_ENDIF) in E:\\UniServerZ\\www\\urku\\wp-content\\themes\\urku\\templates\\page-home.php on line 138, referer: http://localhost/index.php
[Sat Mar 11 12:13:04.513085 2017] [php7:crit] [pid 3344:tid 1540] [client ::1:2076] PHP Parse error:  syntax error, unexpected 'endwhile' (T_ENDWHILE), expecting elseif (T_ELSEIF) or else (T_ELSE) or endif (T_ENDIF) in E:\\UniServerZ\\www\\urku\\wp-content\\themes\\urku\\templates\\page-home.php on line 138, referer: http://localhost/index.php
[Sat Mar 11 12:21:36.471758 2017] [core:warn] [pid 6256:tid 228] AH00098: pid file E:/UniServerZ/core/apache2/logs/httpd.pid overwritten -- Unclean shutdown of previous Apache run?
[Sat Mar 11 12:21:36.624767 2017] [mpm_winnt:notice] [pid 6256:tid 228] AH00455: Apache/2.4.25 (Win32) PHP/7.1.1 configured -- resuming normal operations
[Sat Mar 11 12:21:36.624767 2017] [mpm_winnt:notice] [pid 6256:tid 228] AH00456: Apache Lounge VC14 Server built: Dec 17 2016 10:42:52
[Sat Mar 11 12:21:36.624767 2017] [core:notice] [pid 6256:tid 228] AH00094: Command line: 'E:\\UniServerZ\\core\\apache2\\bin\\httpd_z.exe -d E:/UniServerZ/core/apache2 -f E:\\UniServerZ\\core\\apache2\\conf\\httpd.conf -d E:\\UniServerZ\\core\\apache2'
[Sat Mar 11 12:21:36.996788 2017] [mpm_winnt:notice] [pid 6256:tid 228] AH00418: Parent: Created child process 6300
[Sat Mar 11 12:21:40.365981 2017] [mpm_winnt:notice] [pid 6300:tid 312] AH00354: Child: Starting 150 worker threads.
[Sat Mar 11 14:14:54.384429 2017] [php7:crit] [pid 6300:tid 1528] [client ::1:5184] PHP Parse error:  syntax error, unexpected '<' in E:\\UniServerZ\\www\\urku\\wp-content\\themes\\urku\\single-ur_portfolio.php on line 28, referer: http://localhost/urku/
[Sat Mar 11 14:15:18.286838 2017] [php7:crit] [pid 6300:tid 1528] [client ::1:5190] PHP Parse error:  syntax error, unexpected '<' in E:\\UniServerZ\\www\\urku\\wp-content\\themes\\urku\\single-ur_portfolio.php on line 28, referer: http://localhost/urku/
[Sat Mar 11 14:15:48.942268 2017] [php7:crit] [pid 6300:tid 1528] [client ::1:5197] PHP Parse error:  syntax error, unexpected '<' in E:\\UniServerZ\\www\\urku\\wp-content\\themes\\urku\\single-ur_portfolio.php on line 28, referer: http://localhost/urku/
[Sat Mar 11 14:15:53.374468 2017] [php7:crit] [pid 6300:tid 1528] [client ::1:5197] PHP Parse error:  syntax error, unexpected '<' in E:\\UniServerZ\\www\\urku\\wp-content\\themes\\urku\\single-ur_portfolio.php on line 28, referer: http://localhost/urku/
[Sat Mar 11 14:16:07.143757 2017] [php7:crit] [pid 6300:tid 1528] [client ::1:5206] PHP Parse error:  syntax error, unexpected '<' in E:\\UniServerZ\\www\\urku\\wp-content\\themes\\urku\\single-ur_portfolio.php on line 27, referer: http://localhost/urku/
[Mon Mar 13 19:06:13.867838 2017] [core:warn] [pid 4492:tid 224] AH00098: pid file E:/UniServerZ/core/apache2/logs/httpd.pid overwritten -- Unclean shutdown of previous Apache run?
[Mon Mar 13 19:06:13.992638 2017] [mpm_winnt:notice] [pid 4492:tid 224] AH00455: Apache/2.4.25 (Win32) PHP/7.1.1 configured -- resuming normal operations
[Mon Mar 13 19:06:13.992638 2017] [mpm_winnt:notice] [pid 4492:tid 224] AH00456: Apache Lounge VC14 Server built: Dec 17 2016 10:42:52
[Mon Mar 13 19:06:13.992638 2017] [core:notice] [pid 4492:tid 224] AH00094: Command line: 'E:\\UniServerZ\\core\\apache2\\bin\\httpd_z.exe -d E:/UniServerZ/core/apache2 -f E:\\UniServerZ\\core\\apache2\\conf\\httpd.conf -d E:\\UniServerZ\\core\\apache2'
[Mon Mar 13 19:06:14.008238 2017] [mpm_winnt:notice] [pid 4492:tid 224] AH00418: Parent: Created child process 5300
[Mon Mar 13 19:06:16.446847 2017] [mpm_winnt:notice] [pid 5300:tid 300] AH00354: Child: Starting 150 worker threads.
[Mon Mar 13 20:18:44.420476 2017] [php7:error] [pid 5300:tid 1500] [client ::1:2651] PHP Fatal error:  Uncaught Error: Function name must be a string in E:\\UniServerZ\\www\\urku\\wp-content\\themes\\urku\\templates\\about-page.php:76\nStack trace:\n#0 E:\\UniServerZ\\www\\urku\\wp-includes\\template-loader.php(74): include()\n#1 E:\\UniServerZ\\www\\urku\\wp-blog-header.php(19): require_once('E:\\\\UniServerZ\\\\w...')\n#2 E:\\UniServerZ\\www\\urku\\index.php(17): require('E:\\\\UniServerZ\\\\w...')\n#3 {main}\n  thrown in E:\\UniServerZ\\www\\urku\\wp-content\\themes\\urku\\templates\\about-page.php on line 76, referer: http://localhost/urku/portfolio/
[Mon Mar 13 21:09:46.639739 2017] [mpm_winnt:notice] [pid 4492:tid 224] AH00428: Parent: child process 5300 exited with status 1073807364 -- Restarting.
